<?xml version="1.0" encoding="UTF-8"?>
<!-- Generated by org.testng.reporters.JUnitReportReporter -->
<testsuite hostname="IEPL-THILAKSHAN" failures="0" tests="1" name="LoginTest" time="9.142" errors="0" timestamp="2025-01-23T13:35:20 IST" skipped="0">
  <testcase classname="LoginTest" name="testLoginAndDashboard" time="9.142"/>
  <system-out/>
</testsuite> <!-- LoginTest -->
