<?xml version="1.0" encoding="UTF-8"?>
<!-- Generated by org.testng.reporters.JUnitReportReporter -->
<testsuite hostname="IEPL-THILAKSHAN" failures="0" tests="1" name="LoginTest" time="8.201" errors="0" timestamp="2025-01-24T02:48:24 IST" skipped="0">
  <testcase classname="LoginTest" name="testLoginAndDashboard" time="8.201"/>
  <system-out/>
</testsuite> <!-- LoginTest -->
