<?xml version="1.0" encoding="UTF-8"?>
<!-- Generated by org.testng.reporters.JUnitReportReporter -->
<testsuite hostname="IEPL-THILAKSHAN" failures="0" tests="1" name="LoginTest" time="12.467" errors="0" timestamp="2025-01-23T16:16:17 IST" skipped="0">
  <testcase classname="LoginTest" name="testLoginAndDashboard" time="12.467"/>
  <system-out/>
</testsuite> <!-- LoginTest -->
