<?xml version="1.0" encoding="UTF-8"?>
<!-- Generated by org.testng.reporters.JUnitReportReporter -->
<testsuite hostname="IEPL-THILAKSHAN" failures="0" tests="1" name="LoginTest" time="3.321" errors="0" timestamp="2025-01-24T09:30:21 IST" skipped="0">
  <testcase classname="LoginTest" name="testLoginAndDashboard" time="3.321"/>
  <system-out/>
</testsuite> <!-- LoginTest -->
